1539072472035	geckodriver	INFO	Listening on 127.0.0.1:48331
1539072473039	mozprofile::profile	INFO	Using profile path /tmp/rust_mozprofile.ACzluwisXC15
1539072473041	geckodriver::marionette	INFO	Starting browser /usr/bin/firefox
1539072473044	geckodriver::marionette	INFO	Connecting to Marionette on localhost:33833

(firefox:5470): Gtk-WARNING **: 10:07:58.931: Theme parsing error: <data>:1:34: Expected ')' in color definition

(firefox:5470): Gtk-WARNING **: 10:07:58.931: Theme parsing error: <data>:1:77: Expected ')' in color definition
1539072483389	Marionette	INFO	Listening on port 2828
[Parent 5470, Gecko_IOThread] WARNING: pipe error (72): Połączenie zerwane przez drugą stronę: file /build/firefox-IVlCbR/firefox-62.0.3+build1/ipc/chromium/src/chrome/common/ipc_channel_posix.cc, line 353
JavaScript error: jar:file:///usr/lib/firefox/omni.ja!/components/nsUrlClassifierListManager.js, line 321: NS_ERROR_NOT_INITIALIZED: Component returned failure code: 0xc1f30001 (NS_ERROR_NOT_INITIALIZED) [nsIUrlClassifierDBService.getTables]
JavaScript error: jar:file:///usr/lib/firefox/omni.ja!/components/nsUrlClassifierListManager.js, line 321: NS_ERROR_NOT_INITIALIZED: Component returned failure code: 0xc1f30001 (NS_ERROR_NOT_INITIALIZED) [nsIUrlClassifierDBService.getTables]
1539072523569	Marionette	INFO	Stopped listening on port 2828
1539072620029	geckodriver	INFO	Listening on 127.0.0.1:43087
1539072621032	mozprofile::profile	INFO	Using profile path /tmp/rust_mozprofile.eJLqyJfO9NZC
1539072621034	geckodriver::marionette	INFO	Starting browser /usr/bin/firefox
1539072621035	geckodriver::marionette	INFO	Connecting to Marionette on localhost:45873

(firefox:5978): Gtk-WARNING **: 10:10:22.088: Theme parsing error: <data>:1:34: Expected ')' in color definition

(firefox:5978): Gtk-WARNING **: 10:10:22.089: Theme parsing error: <data>:1:77: Expected ')' in color definition
1539072624184	Marionette	INFO	Listening on port 2828
1539072727289	geckodriver	INFO	Listening on 127.0.0.1:58457
1539072728293	mozprofile::profile	INFO	Using profile path /tmp/rust_mozprofile.udi6ikWWaEGJ
1539072728295	geckodriver::marionette	INFO	Starting browser /usr/bin/firefox
1539072728298	geckodriver::marionette	INFO	Connecting to Marionette on localhost:39315

(firefox:6233): Gtk-WARNING **: 10:12:09.322: Theme parsing error: <data>:1:34: Expected ')' in color definition

(firefox:6233): Gtk-WARNING **: 10:12:09.322: Theme parsing error: <data>:1:77: Expected ')' in color definition
1539072731583	Marionette	INFO	Listening on port 2828
[Parent 6233, Gecko_IOThread] WARNING: pipe error (58): Połączenie zerwane przez drugą stronę: file /build/firefox-IVlCbR/firefox-62.0.3+build1/ipc/chromium/src/chrome/common/ipc_channel_posix.cc, line 353
JavaScript error: jar:file:///usr/lib/firefox/omni.ja!/components/nsUrlClassifierListManager.js, line 321: NS_ERROR_NOT_INITIALIZED: Component returned failure code: 0xc1f30001 (NS_ERROR_NOT_INITIALIZED) [nsIUrlClassifierDBService.getTables]
JavaScript error: jar:file:///usr/lib/firefox/omni.ja!/components/nsUrlClassifierListManager.js, line 321: NS_ERROR_NOT_INITIALIZED: Component returned failure code: 0xc1f30001 (NS_ERROR_NOT_INITIALIZED) [nsIUrlClassifierDBService.getTables]
1539072757824	Marionette	INFO	Stopped listening on port 2828
1539073156089	geckodriver	INFO	Listening on 127.0.0.1:39735
1539073157092	mozprofile::profile	INFO	Using profile path /tmp/rust_mozprofile.5unRtk7ikbyb
1539073157094	geckodriver::marionette	INFO	Starting browser /usr/bin/firefox
1539073157098	geckodriver::marionette	INFO	Connecting to Marionette on localhost:39761

(firefox:6565): Gtk-WARNING **: 10:19:18.128: Theme parsing error: <data>:1:34: Expected ')' in color definition

(firefox:6565): Gtk-WARNING **: 10:19:18.128: Theme parsing error: <data>:1:77: Expected ')' in color definition
1539073160192	Marionette	INFO	Listening on port 2828
1539073226369	geckodriver	INFO	Listening on 127.0.0.1:50757
1539073227373	mozprofile::profile	INFO	Using profile path /tmp/rust_mozprofile.xiAYEW8Pvhhg
1539073227375	geckodriver::marionette	INFO	Starting browser /usr/bin/firefox
1539073227380	geckodriver::marionette	INFO	Connecting to Marionette on localhost:44273

(firefox:6797): Gtk-WARNING **: 10:20:28.444: Theme parsing error: <data>:1:34: Expected ')' in color definition

(firefox:6797): Gtk-WARNING **: 10:20:28.444: Theme parsing error: <data>:1:77: Expected ')' in color definition
1539073230658	Marionette	FATAL	Remote protocol server failed to start: Error: Could not bind to port 2828 (NS_ERROR_SOCKET_ADDRESS_IN_USE) (chrome://marionette/content/server.js:88:17) JS Stack trace: set acceptConnections@server.js:88:17
start@server.js:119:5
init/<@marionette.js:439:9
1539073230689	addons.xpi	WARN	Exception running bootstrap method shutdown on activity-stream@mozilla.org: [Exception... "Component returned failure code: 0x80070057 (NS_ERROR_ILLEGAL_VALUE) [nsIPrefBranch.removeObserver]"  nsresult: "0x80070057 (NS_ERROR_ILLEGAL_VALUE)"  location: "JS frame :: resource://activity-stream/lib/ActivityStreamPrefs.jsm :: ignoreBranch :: line 29"  data: no] Stack trace: ignoreBranch()@resource://activity-stream/lib/ActivityStreamPrefs.jsm:29
uninit()@resource://activity-stream/lib/Store.jsm:172
uninit()@resource://activity-stream/lib/ActivityStream.jsm:363
uninit()@resource://gre/modules/addons/XPIProvider.jsm -> jar:file:///usr/lib/firefox/browser/features/activity-stream@mozilla.org.xpi!/bootstrap.js:86
shutdown()@resource://gre/modules/addons/XPIProvider.jsm -> jar:file:///usr/lib/firefox/browser/features/activity-stream@mozilla.org.xpi!/bootstrap.js:194
callBootstrapMethod()@resource://gre/modules/addons/XPIProvider.jsm:1592
_shutdown()@resource://gre/modules/addons/XPIProvider.jsm:1728
observe()@resource://gre/modules/AsyncShutdown.jsm:541
init/<()@jar:file:///usr/lib/firefox/omni.ja!/components/marionette.js:444
JavaScript error: resource:///modules/SavantShieldStudy.jsm, line 171: TypeError: this.addonListener is undefined
console.error: PushService: 
  clearOriginData: Error clearing origin data:
  UnknownError
console.error: PushService: 
  stateChangeProcessEnqueue: Error transitioning state
  UnknownError

###!!! [Parent][DispatchAsyncMessage] Error: PBackgroundIDBFactory::Msg_PBackgroundIDBFactoryRequestConstructor Value error: message was deserialized, but contained an illegal value


###!!! [Parent][DispatchAsyncMessage] Error: PBackgroundIDBFactory::Msg_PBackgroundIDBFactoryRequestConstructor Value error: message was deserialized, but contained an illegal value

[Parent 6565, Gecko_IOThread] WARNING: pipe error (68): Połączenie zerwane przez drugą stronę: file /build/firefox-IVlCbR/firefox-62.0.3+build1/ipc/chromium/src/chrome/common/ipc_channel_posix.cc, line 353
JavaScript error: jar:file:///usr/lib/firefox/omni.ja!/components/nsUrlClassifierListManager.js, line 321: NS_ERROR_NOT_INITIALIZED: Component returned failure code: 0xc1f30001 (NS_ERROR_NOT_INITIALIZED) [nsIUrlClassifierDBService.getTables]
JavaScript error: jar:file:///usr/lib/firefox/omni.ja!/components/nsUrlClassifierListManager.js, line 321: NS_ERROR_NOT_INITIALIZED: Component returned failure code: 0xc1f30001 (NS_ERROR_NOT_INITIALIZED) [nsIUrlClassifierDBService.getTables]
1539073236880	Marionette	INFO	Stopped listening on port 2828
1539073242380	geckodriver	INFO	Listening on 127.0.0.1:43969
1539073243380	mozprofile::profile	INFO	Using profile path /tmp/rust_mozprofile.tsybkeBMVDws
1539073243381	geckodriver::marionette	INFO	Starting browser /usr/bin/firefox
1539073243383	geckodriver::marionette	INFO	Connecting to Marionette on localhost:42093

(firefox:7046): Gtk-WARNING **: 10:20:44.471: Theme parsing error: <data>:1:34: Expected ')' in color definition

(firefox:7046): Gtk-WARNING **: 10:20:44.471: Theme parsing error: <data>:1:77: Expected ')' in color definition
1539073246739	Marionette	INFO	Listening on port 2828
1539073363340	geckodriver	INFO	Listening on 127.0.0.1:41817
1539073364344	mozprofile::profile	INFO	Using profile path /tmp/rust_mozprofile.ElleAigqZSkx
1539073364346	geckodriver::marionette	INFO	Starting browser /usr/bin/firefox
1539073364347	geckodriver::marionette	INFO	Connecting to Marionette on localhost:36953

(firefox:7362): Gtk-WARNING **: 10:22:45.345: Theme parsing error: <data>:1:34: Expected ')' in color definition

(firefox:7362): Gtk-WARNING **: 10:22:45.345: Theme parsing error: <data>:1:77: Expected ')' in color definition
1539073367473	Marionette	INFO	Listening on port 2828
[Parent 7362, Gecko_IOThread] WARNING: pipe error (58): Połączenie zerwane przez drugą stronę: file /build/firefox-IVlCbR/firefox-62.0.3+build1/ipc/chromium/src/chrome/common/ipc_channel_posix.cc, line 353
JavaScript error: jar:file:///usr/lib/firefox/omni.ja!/components/nsUrlClassifierListManager.js, line 321: NS_ERROR_NOT_INITIALIZED: Component returned failure code: 0xc1f30001 (NS_ERROR_NOT_INITIALIZED) [nsIUrlClassifierDBService.getTables]
JavaScript error: jar:file:///usr/lib/firefox/omni.ja!/components/nsUrlClassifierListManager.js, line 321: NS_ERROR_NOT_INITIALIZED: Component returned failure code: 0xc1f30001 (NS_ERROR_NOT_INITIALIZED) [nsIUrlClassifierDBService.getTables]
1539073375082	Marionette	INFO	Stopped listening on port 2828
1539073494705	geckodriver	INFO	Listening on 127.0.0.1:53027
1539073495706	mozprofile::profile	INFO	Using profile path /tmp/rust_mozprofile.QYMOBtIfnLHz
1539073495708	geckodriver::marionette	INFO	Starting browser /usr/bin/firefox
1539073495710	geckodriver::marionette	INFO	Connecting to Marionette on localhost:44427

(firefox:7732): Gtk-WARNING **: 10:24:56.813: Theme parsing error: <data>:1:34: Expected ')' in color definition

(firefox:7732): Gtk-WARNING **: 10:24:56.813: Theme parsing error: <data>:1:77: Expected ')' in color definition
1539073498986	Marionette	INFO	Listening on port 2828
[Parent 7732, Gecko_IOThread] WARNING: pipe error (58): Połączenie zerwane przez drugą stronę: file /build/firefox-IVlCbR/firefox-62.0.3+build1/ipc/chromium/src/chrome/common/ipc_channel_posix.cc, line 353
JavaScript error: jar:file:///usr/lib/firefox/omni.ja!/components/nsUrlClassifierListManager.js, line 321: NS_ERROR_NOT_INITIALIZED: Component returned failure code: 0xc1f30001 (NS_ERROR_NOT_INITIALIZED) [nsIUrlClassifierDBService.getTables]
JavaScript error: jar:file:///usr/lib/firefox/omni.ja!/components/nsUrlClassifierListManager.js, line 321: NS_ERROR_NOT_INITIALIZED: Component returned failure code: 0xc1f30001 (NS_ERROR_NOT_INITIALIZED) [nsIUrlClassifierDBService.getTables]
1539073596132	Marionette	INFO	Stopped listening on port 2828
1539073807940	geckodriver	INFO	Listening on 127.0.0.1:47907
1539073808942	mozprofile::profile	INFO	Using profile path /tmp/rust_mozprofile.FGjEGkX42g8Z
1539073808944	geckodriver::marionette	INFO	Starting browser /usr/bin/firefox
1539073808948	geckodriver::marionette	INFO	Connecting to Marionette on localhost:40217

(firefox:8841): Gtk-WARNING **: 10:30:09.943: Theme parsing error: <data>:1:34: Expected ')' in color definition

(firefox:8841): Gtk-WARNING **: 10:30:09.943: Theme parsing error: <data>:1:77: Expected ')' in color definition
1539073812166	Marionette	INFO	Listening on port 2828
1539074094258	mozrunner::runner	INFO	Running command: "/usr/bin/firefox" "-marionette" "-foreground" "-no-remote" "-profile" "/tmp/rust_mozprofile.mBpqAs1mZOAU"

(firefox:9264): Gtk-WARNING **: 10:34:55.319: Theme parsing error: <data>:1:34: Expected ')' in color definition

(firefox:9264): Gtk-WARNING **: 10:34:55.319: Theme parsing error: <data>:1:77: Expected ')' in color definition
1539074097548	Marionette	INFO	Listening on port 43747
1539074097573	Marionette	WARN	TLS certificate errors will be ignored for this session
1539074097636	Marionette	DEBUG	[2147483649] Frame script loaded
1539074097726	Marionette	DEBUG	[2147483649] Frame script registered
1539074097760	Marionette	DEBUG	[2147483649] Received DOM event beforeunload for about:blank
1539074098677	Marionette	DEBUG	[2147483649] Received DOM event pagehide for about:blank
1539074104028	Marionette	DEBUG	[2147483649] Received DOM event DOMContentLoaded for https://tjsoftware.autologyx.com/
1539074104388	Marionette	DEBUG	[2147483649] Received DOM event pageshow for https://tjsoftware.autologyx.com/
[Parent 9264, Gecko_IOThread] WARNING: pipe error (65): Połączenie zerwane przez drugą stronę: file /build/firefox-IVlCbR/firefox-62.0.3+build1/ipc/chromium/src/chrome/common/ipc_channel_posix.cc, line 353
1539074115802	Marionette	INFO	Stopped listening on port 43747
[Parent 8841, Gecko_IOThread] WARNING: pipe error (68): Połączenie zerwane przez drugą stronę: file /build/firefox-IVlCbR/firefox-62.0.3+build1/ipc/chromium/src/chrome/common/ipc_channel_posix.cc, line 353
JavaScript error: jar:file:///usr/lib/firefox/omni.ja!/components/nsUrlClassifierListManager.js, line 321: NS_ERROR_NOT_INITIALIZED: Component returned failure code: 0xc1f30001 (NS_ERROR_NOT_INITIALIZED) [nsIUrlClassifierDBService.getTables]
JavaScript error: jar:file:///usr/lib/firefox/omni.ja!/components/nsUrlClassifierListManager.js, line 321: NS_ERROR_NOT_INITIALIZED: Component returned failure code: 0xc1f30001 (NS_ERROR_NOT_INITIALIZED) [nsIUrlClassifierDBService.getTables]
1539074117217	Marionette	INFO	Stopped listening on port 2828
1539074354597	mozrunner::runner	INFO	Running command: "/usr/bin/firefox" "-marionette" "-foreground" "-no-remote" "-profile" "/tmp/rust_mozprofile.i3tpngVElCrO"

(firefox:9721): Gtk-WARNING **: 10:39:15.682: Theme parsing error: <data>:1:34: Expected ')' in color definition

(firefox:9721): Gtk-WARNING **: 10:39:15.682: Theme parsing error: <data>:1:77: Expected ')' in color definition
1539074357917	Marionette	INFO	Listening on port 37777
1539074358016	Marionette	WARN	TLS certificate errors will be ignored for this session
1539074358086	Marionette	DEBUG	[2147483649] Frame script loaded
1539074358095	Marionette	DEBUG	[2147483649] Frame script registered
1539074358136	Marionette	DEBUG	[2147483649] Received DOM event beforeunload for about:blank
1539074359033	Marionette	DEBUG	[2147483649] Received DOM event pagehide for about:blank
1539074364094	Marionette	DEBUG	[2147483649] Received DOM event DOMContentLoaded for https://tjsoftware.autologyx.com/
1539074364337	Marionette	DEBUG	[2147483649] Received DOM event pageshow for https://tjsoftware.autologyx.com/
1539074364382	Marionette	DEBUG	[2147483649] Received DOM event beforeunload for https://tjsoftware.autologyx.com/
1539074364584	Marionette	DEBUG	[2147483649] Received DOM event pagehide for https://tjsoftware.autologyx.com/
1539074364585	Marionette	DEBUG	[2147483649] Received DOM event unload for https://tjsoftware.autologyx.com/
1539074365087	Marionette	DEBUG	[2147483649] Received DOM event DOMContentLoaded for https://tjsoftware.autologyx.com/accounts/login/
1539074365130	Marionette	DEBUG	[2147483649] Received DOM event pageshow for https://tjsoftware.autologyx.com/accounts/login/
[Parent 9721, Gecko_IOThread] WARNING: pipe error (61): Połączenie zerwane przez drugą stronę: file /build/firefox-IVlCbR/firefox-62.0.3+build1/ipc/chromium/src/chrome/common/ipc_channel_posix.cc, line 353
1539074373820	Marionette	INFO	Stopped listening on port 37777
1539074505205	mozrunner::runner	INFO	Running command: "/usr/bin/firefox" "-marionette" "-foreground" "-no-remote" "-profile" "/tmp/rust_mozprofile.6QmY3LZnP3lD"

(firefox:10107): Gtk-WARNING **: 10:41:46.427: Theme parsing error: <data>:1:34: Expected ')' in color definition

(firefox:10107): Gtk-WARNING **: 10:41:46.427: Theme parsing error: <data>:1:77: Expected ')' in color definition
1539074508632	Marionette	INFO	Listening on port 42929
1539074508718	Marionette	WARN	TLS certificate errors will be ignored for this session
1539074508780	Marionette	DEBUG	[2147483649] Frame script loaded
1539074508795	Marionette	DEBUG	[2147483649] Frame script registered
1539074508832	Marionette	DEBUG	[2147483649] Received DOM event beforeunload for about:blank
1539074509809	Marionette	DEBUG	[2147483649] Received DOM event pagehide for about:blank
1539074514832	Marionette	DEBUG	[2147483649] Received DOM event DOMContentLoaded for https://tjsoftware.autologyx.com/
1539074515194	Marionette	DEBUG	[2147483649] Received DOM event pageshow for https://tjsoftware.autologyx.com/
1539074515244	Marionette	DEBUG	[2147483649] Received DOM event beforeunload for https://tjsoftware.autologyx.com/
1539074515449	Marionette	DEBUG	[2147483649] Received DOM event pagehide for https://tjsoftware.autologyx.com/
1539074515449	Marionette	DEBUG	[2147483649] Received DOM event unload for https://tjsoftware.autologyx.com/
1539074515943	Marionette	DEBUG	[2147483649] Received DOM event DOMContentLoaded for https://tjsoftware.autologyx.com/accounts/login/
1539074515994	Marionette	DEBUG	[2147483649] Received DOM event pageshow for https://tjsoftware.autologyx.com/accounts/login/
[Parent 10107, Gecko_IOThread] WARNING: pipe error (70): Połączenie zerwane przez drugą stronę: file /build/firefox-IVlCbR/firefox-62.0.3+build1/ipc/chromium/src/chrome/common/ipc_channel_posix.cc, line 353
1539074528129	Marionette	INFO	Stopped listening on port 42929
1539074736055	mozrunner::runner	INFO	Running command: "/usr/bin/firefox" "-marionette" "-foreground" "-no-remote" "-profile" "/tmp/rust_mozprofile.S9O1zyNx0acU"

(firefox:10517): Gtk-WARNING **: 10:45:37.075: Theme parsing error: <data>:1:34: Expected ')' in color definition

(firefox:10517): Gtk-WARNING **: 10:45:37.075: Theme parsing error: <data>:1:77: Expected ')' in color definition
1539074739185	Marionette	INFO	Listening on port 39709
1539074739274	Marionette	WARN	TLS certificate errors will be ignored for this session
1539074739336	Marionette	DEBUG	[2147483649] Frame script loaded
1539074739348	Marionette	DEBUG	[2147483649] Frame script registered
1539074739398	Marionette	DEBUG	[2147483649] Received DOM event beforeunload for about:blank
1539074740440	Marionette	DEBUG	[2147483649] Received DOM event pagehide for about:blank
1539074746485	Marionette	DEBUG	[2147483649] Received DOM event DOMContentLoaded for https://tjsoftware.autologyx.com/
1539074746740	Marionette	DEBUG	[2147483649] Received DOM event pageshow for https://tjsoftware.autologyx.com/
1539074746809	Marionette	DEBUG	[2147483649] Received DOM event beforeunload for https://tjsoftware.autologyx.com/
1539074747003	Marionette	DEBUG	[2147483649] Received DOM event pagehide for https://tjsoftware.autologyx.com/
1539074747005	Marionette	DEBUG	[2147483649] Received DOM event unload for https://tjsoftware.autologyx.com/
1539074747451	Marionette	DEBUG	[2147483649] Received DOM event DOMContentLoaded for https://tjsoftware.autologyx.com/accounts/login/
1539074747500	Marionette	DEBUG	[2147483649] Received DOM event pageshow for https://tjsoftware.autologyx.com/accounts/login/
1539074747602	Marionette	DEBUG	[2147483649] Received DOM event beforeunload for https://tjsoftware.autologyx.com/accounts/login/
JavaScript error: https://alx-0-0-media.s3.amazonaws.com/static/common/lib/require.7dd71725c8ac.js, line 8: Error: Script error for: https://alx-0-0-media.s3.amazonaws.com/static/common/lib/jstz/jstz.min.48f703a2b722.js
http://requirejs.org/docs/errors.html#scripterror
1539074747838	Marionette	DEBUG	[2147483649] Received DOM event pagehide for https://tjsoftware.autologyx.com/accounts/login/
1539074747839	Marionette	DEBUG	[2147483649] Received DOM event unload for https://tjsoftware.autologyx.com/accounts/login/
1539074748087	Marionette	DEBUG	[2147483649] Received DOM event DOMContentLoaded for https://tjsoftware.autologyx.com/accounts/login/
1539074748130	Marionette	DEBUG	[2147483649] Received DOM event pageshow for https://tjsoftware.autologyx.com/accounts/login/

(/usr/lib/firefox/firefox:10608): dconf-WARNING **: 10:45:55.093: Unable to open /var/lib/snapd/desktop/dconf/profile/user: Brak dostępu
1539074792122	Marionette	INFO	Stopped listening on port 39709
1539074795829	mozrunner::runner	INFO	Running command: "/usr/bin/firefox" "-marionette" "-foreground" "-no-remote" "-profile" "/tmp/rust_mozprofile.Y7nJNUN7pd1c"

(firefox:10839): Gtk-WARNING **: 10:46:36.847: Theme parsing error: <data>:1:34: Expected ')' in color definition

(firefox:10839): Gtk-WARNING **: 10:46:36.847: Theme parsing error: <data>:1:77: Expected ')' in color definition
1539074798991	Marionette	INFO	Listening on port 45021
1539074799049	Marionette	WARN	TLS certificate errors will be ignored for this session
1539074799113	Marionette	DEBUG	[2147483649] Frame script loaded
1539074799139	Marionette	DEBUG	[2147483649] Frame script registered
1539074799173	Marionette	DEBUG	[2147483649] Received DOM event beforeunload for about:blank
1539074800901	Marionette	DEBUG	[2147483649] Received DOM event pagehide for about:blank
1539074806584	Marionette	DEBUG	[2147483649] Received DOM event DOMContentLoaded for https://tjsoftware.autologyx.com/
1539074807046	Marionette	DEBUG	[2147483649] Received DOM event pageshow for https://tjsoftware.autologyx.com/
1539074807095	Marionette	DEBUG	[2147483649] Received DOM event beforeunload for https://tjsoftware.autologyx.com/
1539074807291	Marionette	DEBUG	[2147483649] Received DOM event pagehide for https://tjsoftware.autologyx.com/
1539074807293	Marionette	DEBUG	[2147483649] Received DOM event unload for https://tjsoftware.autologyx.com/
1539074807756	Marionette	DEBUG	[2147483649] Received DOM event DOMContentLoaded for https://tjsoftware.autologyx.com/accounts/login/
1539074807798	Marionette	DEBUG	[2147483649] Received DOM event pageshow for https://tjsoftware.autologyx.com/accounts/login/
1539074807926	Marionette	DEBUG	[2147483649] Received DOM event beforeunload for https://tjsoftware.autologyx.com/accounts/login/
1539074808733	Marionette	DEBUG	[2147483649] Received DOM event pagehide for https://tjsoftware.autologyx.com/accounts/login/
1539074808734	Marionette	DEBUG	[2147483649] Received DOM event unload for https://tjsoftware.autologyx.com/accounts/login/
1539074810251	Marionette	DEBUG	[2147483649] Received DOM event DOMContentLoaded for https://tjsoftware.autologyx.com/system/
1539074810324	Marionette	DEBUG	[2147483649] Received DOM event pageshow for https://tjsoftware.autologyx.com/system/
[Parent 10839, Gecko_IOThread] WARNING: pipe error (61): Połączenie zerwane przez drugą stronę: file /build/firefox-IVlCbR/firefox-62.0.3+build1/ipc/chromium/src/chrome/common/ipc_channel_posix.cc, line 353
1539074863409	Marionette	INFO	Stopped listening on port 45021
1539074910173	mozrunner::runner	INFO	Running command: "/usr/bin/firefox" "-marionette" "-foreground" "-no-remote" "-profile" "/tmp/rust_mozprofile.xUghlSyfncEC"

(firefox:11170): Gtk-WARNING **: 10:48:31.179: Theme parsing error: <data>:1:34: Expected ')' in color definition

(firefox:11170): Gtk-WARNING **: 10:48:31.179: Theme parsing error: <data>:1:77: Expected ')' in color definition
1539074913417	Marionette	INFO	Listening on port 38771
1539074913483	Marionette	WARN	TLS certificate errors will be ignored for this session
1539074913536	Marionette	DEBUG	[2147483649] Frame script loaded
1539074913540	Marionette	DEBUG	[2147483649] Frame script registered
1539074913598	Marionette	DEBUG	[2147483649] Received DOM event beforeunload for about:blank
1539074914500	Marionette	DEBUG	[2147483649] Received DOM event pagehide for about:blank
1539074917038	Marionette	DEBUG	[2147483649] Received DOM event DOMContentLoaded for https://tjsoftware.autologyx.com/
1539074917712	Marionette	DEBUG	[2147483649] Received DOM event pageshow for https://tjsoftware.autologyx.com/
1539074917759	Marionette	DEBUG	[2147483649] Received DOM event beforeunload for https://tjsoftware.autologyx.com/
1539074917963	Marionette	DEBUG	[2147483649] Received DOM event pagehide for https://tjsoftware.autologyx.com/
1539074917964	Marionette	DEBUG	[2147483649] Received DOM event unload for https://tjsoftware.autologyx.com/
1539074918326	Marionette	DEBUG	[2147483649] Received DOM event DOMContentLoaded for https://tjsoftware.autologyx.com/accounts/login/
1539074918375	Marionette	DEBUG	[2147483649] Received DOM event pageshow for https://tjsoftware.autologyx.com/accounts/login/
1539074918491	Marionette	DEBUG	[2147483649] Received DOM event beforeunload for https://tjsoftware.autologyx.com/accounts/login/
1539074919299	Marionette	DEBUG	[2147483649] Received DOM event pagehide for https://tjsoftware.autologyx.com/accounts/login/
1539074919302	Marionette	DEBUG	[2147483649] Received DOM event unload for https://tjsoftware.autologyx.com/accounts/login/
1539074920166	Marionette	DEBUG	[2147483649] Received DOM event DOMContentLoaded for https://tjsoftware.autologyx.com/system/
1539074920377	Marionette	DEBUG	[2147483649] Received DOM event pageshow for https://tjsoftware.autologyx.com/system/
[Parent 11170, Gecko_IOThread] WARNING: pipe error (74): Połączenie zerwane przez drugą stronę: file /build/firefox-IVlCbR/firefox-62.0.3+build1/ipc/chromium/src/chrome/common/ipc_channel_posix.cc, line 353
1539074937754	Marionette	INFO	Stopped listening on port 38771
1539074939516	mozrunner::runner	INFO	Running command: "/usr/bin/firefox" "-marionette" "-foreground" "-no-remote" "-profile" "/tmp/rust_mozprofile.3x3g51BV5ZaZ"

(firefox:11475): Gtk-WARNING **: 10:49:00.685: Theme parsing error: <data>:1:34: Expected ')' in color definition

(firefox:11475): Gtk-WARNING **: 10:49:00.685: Theme parsing error: <data>:1:77: Expected ')' in color definition
1539074942957	Marionette	INFO	Listening on port 36503
1539074943036	Marionette	WARN	TLS certificate errors will be ignored for this session
1539074943102	Marionette	DEBUG	[2147483649] Frame script loaded
1539074943128	Marionette	DEBUG	[2147483649] Frame script registered
1539074943165	Marionette	DEBUG	[2147483649] Received DOM event beforeunload for about:blank
1539074944288	Marionette	DEBUG	[2147483649] Received DOM event pagehide for about:blank
1539074946113	Marionette	DEBUG	[2147483649] Received DOM event unload for https://tjsoftware.autologyx.com/
1539074946114	Marionette	DEBUG	[2147483649] Received observer notification outer-window-destroyed for 2147483649

###!!! [Child][RunMessage] Error: Channel closing: too late to send/recv, messages will be lost


###!!! [Child][RunMessage] Error: Channel closing: too late to send/recv, messages will be lost


###!!! [Child][RunMessage] Error: Channel closing: too late to send/recv, messages will be lost


###!!! [Child][RunMessage] Error: Channel closing: too late to send/recv, messages will be lost


###!!! [Child][RunMessage] Error: Channel closing: too late to send/recv, messages will be lost


###!!! [Child][RunMessage] Error: Channel closing: too late to send/recv, messages will be lost


###!!! [Child][RunMessage] Error: Channel closing: too late to send/recv, messages will be lost


###!!! [Child][RunMessage] Error: Channel closing: too late to send/recv, messages will be lost


###!!! [Child][RunMessage] Error: Channel closing: too late to send/recv, messages will be lost


###!!! [Child][RunMessage] Error: Channel closing: too late to send/recv, messages will be lost


###!!! [Child][RunMessage] Error: Channel closing: too late to send/recv, messages will be lost


###!!! [Child][RunMessage] Error: Channel closing: too late to send/recv, messages will be lost


###!!! [Child][RunMessage] Error: Channel closing: too late to send/recv, messages will be lost


###!!! [Child][RunMessage] Error: Channel closing: too late to send/recv, messages will be lost


###!!! [Child][RunMessage] Error: Channel closing: too late to send/recv, messages will be lost


###!!! [Child][RunMessage] Error: Channel closing: too late to send/recv, messages will be lost


###!!! [Child][RunMessage] Error: Channel closing: too late to send/recv, messages will be lost


###!!! [Child][RunMessage] Error: Channel closing: too late to send/recv, messages will be lost


###!!! [Child][RunMessage] Error: Channel closing: too late to send/recv, messages will be lost


###!!! [Child][RunMessage] Error: Channel closing: too late to send/recv, messages will be lost


###!!! [Child][RunMessage] Error: Channel closing: too late to send/recv, messages will be lost


###!!! [Child][RunMessage] Error: Channel closing: too late to send/recv, messages will be lost


###!!! [Child][RunMessage] Error: Channel closing: too late to send/recv, messages will be lost


###!!! [Child][RunMessage] Error: Channel closing: too late to send/recv, messages will be lost


###!!! [Child][RunMessage] Error: Channel closing: too late to send/recv, messages will be lost


###!!! [Child][RunMessage] Error: Channel closing: too late to send/recv, messages will be lost


###!!! [Child][RunMessage] Error: Channel closing: too late to send/recv, messages will be lost


###!!! [Child][RunMessage] Error: Channel closing: too late to send/recv, messages will be lost


###!!! [Child][RunMessage] Error: Channel closing: too late to send/recv, messages will be lost


###!!! [Child][RunMessage] Error: Channel closing: too late to send/recv, messages will be lost


###!!! [Child][RunMessage] Error: Channel closing: too late to send/recv, messages will be lost


###!!! [Child][RunMessage] Error: Channel closing: too late to send/recv, messages will be lost


###!!! [Child][RunMessage] Error: Channel closing: too late to send/recv, messages will be lost

1539074948605	Marionette	INFO	Stopped listening on port 36503
1539074963949	mozrunner::runner	INFO	Running command: "/usr/bin/firefox" "-marionette" "-foreground" "-no-remote" "-profile" "/tmp/rust_mozprofile.12PohvaHN9SP"

(firefox:11771): Gtk-WARNING **: 10:49:24.984: Theme parsing error: <data>:1:34: Expected ')' in color definition

(firefox:11771): Gtk-WARNING **: 10:49:24.984: Theme parsing error: <data>:1:77: Expected ')' in color definition
1539074967246	Marionette	INFO	Listening on port 44393
1539074967270	Marionette	WARN	TLS certificate errors will be ignored for this session
1539074967336	Marionette	DEBUG	[2147483649] Frame script loaded
1539074967347	Marionette	DEBUG	[2147483649] Frame script registered
1539074967364	Marionette	DEBUG	[2147483649] Received DOM event beforeunload for about:blank
1539074969088	Marionette	DEBUG	[2147483649] Received DOM event pagehide for about:blank
1539074974262	Marionette	DEBUG	[2147483649] Received DOM event DOMContentLoaded for https://tjsoftware.autologyx.com/
1539074974596	Marionette	DEBUG	[2147483649] Received DOM event pageshow for https://tjsoftware.autologyx.com/
1539074974663	Marionette	DEBUG	[2147483649] Received DOM event beforeunload for https://tjsoftware.autologyx.com/
1539074974840	Marionette	DEBUG	[2147483649] Received DOM event pagehide for https://tjsoftware.autologyx.com/
1539074974842	Marionette	DEBUG	[2147483649] Received DOM event unload for https://tjsoftware.autologyx.com/
1539074975409	Marionette	DEBUG	[2147483649] Received DOM event DOMContentLoaded for https://tjsoftware.autologyx.com/accounts/login/
1539074975460	Marionette	DEBUG	[2147483649] Received DOM event pageshow for https://tjsoftware.autologyx.com/accounts/login/
1539074975581	Marionette	DEBUG	[2147483649] Received DOM event beforeunload for https://tjsoftware.autologyx.com/accounts/login/
1539074976376	Marionette	DEBUG	[2147483649] Received DOM event pagehide for https://tjsoftware.autologyx.com/accounts/login/
1539074976377	Marionette	DEBUG	[2147483649] Received DOM event unload for https://tjsoftware.autologyx.com/accounts/login/
1539074976961	Marionette	DEBUG	[2147483649] Received DOM event DOMContentLoaded for https://tjsoftware.autologyx.com/system/
1539074977051	Marionette	DEBUG	[2147483649] Received DOM event pageshow for https://tjsoftware.autologyx.com/system/
1539075025663	mozrunner::runner	INFO	Running command: "/usr/bin/firefox" "-marionette" "-foreground" "-no-remote" "-profile" "/tmp/rust_mozprofile.FDl5b13SXUM7"

(firefox:12099): Gtk-WARNING **: 10:50:26.656: Theme parsing error: <data>:1:34: Expected ')' in color definition

(firefox:12099): Gtk-WARNING **: 10:50:26.656: Theme parsing error: <data>:1:77: Expected ')' in color definition
1539075028884	Marionette	INFO	Listening on port 32995
1539075028974	Marionette	WARN	TLS certificate errors will be ignored for this session
1539075029033	Marionette	DEBUG	[2147483649] Frame script loaded
1539075029048	Marionette	DEBUG	[2147483649] Frame script registered
1539075029078	Marionette	DEBUG	[2147483649] Received DOM event beforeunload for about:blank
1539075029934	Marionette	DEBUG	[2147483649] Received DOM event pagehide for about:blank
1539075032885	Marionette	DEBUG	[2147483649] Received DOM event DOMContentLoaded for https://tjsoftware.autologyx.com/
1539075033173	Marionette	DEBUG	[2147483649] Received DOM event pageshow for https://tjsoftware.autologyx.com/
1539075033218	Marionette	DEBUG	[2147483649] Received DOM event beforeunload for https://tjsoftware.autologyx.com/
1539075033412	Marionette	DEBUG	[2147483649] Received DOM event pagehide for https://tjsoftware.autologyx.com/
1539075033413	Marionette	DEBUG	[2147483649] Received DOM event unload for https://tjsoftware.autologyx.com/
1539075033850	Marionette	DEBUG	[2147483649] Received DOM event DOMContentLoaded for https://tjsoftware.autologyx.com/accounts/login/
1539075033899	Marionette	DEBUG	[2147483649] Received DOM event pageshow for https://tjsoftware.autologyx.com/accounts/login/
1539075034015	Marionette	DEBUG	[2147483649] Received DOM event beforeunload for https://tjsoftware.autologyx.com/accounts/login/
1539075034854	Marionette	DEBUG	[2147483649] Received DOM event pagehide for https://tjsoftware.autologyx.com/accounts/login/
1539075034855	Marionette	DEBUG	[2147483649] Received DOM event unload for https://tjsoftware.autologyx.com/accounts/login/
1539075035411	Marionette	DEBUG	[2147483649] Received DOM event DOMContentLoaded for https://tjsoftware.autologyx.com/system/
1539075035523	Marionette	DEBUG	[2147483649] Received DOM event pageshow for https://tjsoftware.autologyx.com/system/
1539075035558	Marionette	INFO	Stopped listening on port 32995
[Parent 11771, Gecko_IOThread] WARNING: pipe error (60): Połączenie zerwane przez drugą stronę: file /build/firefox-IVlCbR/firefox-62.0.3+build1/ipc/chromium/src/chrome/common/ipc_channel_posix.cc, line 353
1539075133868	Marionette	INFO	Stopped listening on port 44393
